17:10:51.411 karate.env system property was:  
17:10:53.292 karate.env system property was:  
17:10:53.646 [print] 347
17:10:53.668 karate.env system property was:  
17:10:54.241 [print] {
  "last": "Doe",
  "gender": "M",
  "name": "John",
  "id": 1,
  "age": 40
}

17:10:54.254 karate.env system property was:  
17:10:54.752 [print] id = 1
17:10:54.784 karate.env system property was:  
17:10:56.181 [print] name length: 4
17:10:56.205 karate.env system property was:  
17:10:56.625 [print] lastname length: 3
17:10:56.646 karate.env system property was:  
17:10:57.118 karate.env system property was:  
17:10:58.559 karate.env system property was:  
te.env system property was:  
17:09:05.742 karate.env system property was:  
